<?xml version="1.0" encoding="UTF-8"?>
<!-- Generated by org.testng.reporters.JUnitReportReporter -->
<testsuite skipped="0" hostname="VAIO" name="com.htc.loginregtest.TestMVC" tests="2" failures="0" timestamp="11 Apr 2020 18:56:46 GMT" time="19.745" errors="0">
  <testcase name="testSuccessLoginLogout" time="4.157" classname="com.htc.loginregtest.TestMVC"/>
  <testcase name="testSuccessLoginLogout" time="15.588" classname="com.htc.loginregtest.TestMVC"/>
</testsuite> <!-- com.htc.loginregtest.TestMVC -->
