<?xml version="1.0" encoding="UTF-8"?>
<!-- Generated by org.testng.reporters.JUnitReportReporter -->
<testsuite skipped="0" hostname="VAIO" name="com.htc.datatproviderexcel.TestMVC" tests="2" failures="0" timestamp="11 Apr 2020 03:40:08 GMT" time="9.553" errors="0">
  <testcase name="testSuccessLoginLogout" time="4.526" classname="com.htc.datatproviderexcel.TestMVC"/>
  <testcase name="testSuccessLoginLogout" time="5.027" classname="com.htc.datatproviderexcel.TestMVC"/>
</testsuite> <!-- com.htc.datatproviderexcel.TestMVC -->
